Arguments: 
  E:\software\node\node.exe C:\Users\chao.lv\AppData\Roaming\npm\node_modules\yarn\bin\yarn.js init

PATH: 
  C:\Windows\system32;C:\Windows;C:\Windows\System32\Wbem;C:\Windows\System32\WindowsPowerShell\v1.0\;C:\Windows\System32\OpenSSH\;C:\Program Files (x86)\Intel\Intel(R) Management Engine Components\DAL;C:\Program Files\Intel\Intel(R) Management Engine Components\DAL;C:\Program Files\Git\cmd;E:\software\node\;C:\Program Files\TortoiseSVN\bin;E:\software\wechatDevtools\微信web开发者工具\dll;C:\Users\chao.lv\AppData\Local\Microsoft\WindowsApps;E:\software\vscode\Microsoft VS Code\bin;C:\Users\chao.lv\AppData\Roaming\npm;C:\web\mysql-8.0.27-winx64\bin;

Yarn version: 
  1.22.11

Node version: 
  14.17.6

Platform: 
  win32 x64

Trace: 
  Error: canceled
      at Interface.<anonymous> (C:\Users\chao.lv\AppData\Roaming\npm\node_modules\yarn\lib\cli.js:137023:13)
      at Interface.emit (events.js:400:28)
      at Interface._ttyWrite (readline.js:910:16)
      at ReadStream.onkeypress (readline.js:235:10)
      at ReadStream.emit (events.js:400:28)
      at emitKeys (internal/readline/utils.js:358:14)
      at emitKeys.next (<anonymous>)
      at ReadStream.onData (readline.js:1179:36)
      at ReadStream.emit (events.js:400:28)
      at addChunk (internal/streams/readable.js:290:12)

npm manifest: 
  No manifest

yarn manifest: 
  No manifest

Lockfile: 
  No lockfile
